09:58:49.603 [Daemon worker] INFO  o.a.AndroidAnnotationProcessor:84 - Initialize AndroidAnnotations 3.2 with options {androidManifestFile=C:\ti\android\SimpleLink_WiFi_Provisioning_Android_Source_2.2.22\source\app\build\intermediates\manifests\full\debug\AndroidManifest.xml, resourcePackageName=com.ti.smartconfig}
09:58:49.654 [Daemon worker] INFO  o.a.AndroidAnnotationProcessor:108 - Start processing for 18 annotations on 49 elements
09:58:49.679 [Daemon worker] DEBUG o.a.h.AndroidManifestFinder:98 - AndroidManifest.xml file found with specified path: C:\ti\android\SimpleLink_WiFi_Provisioning_Android_Source_2.2.22\source\app\build\intermediates\manifests\full\debug\AndroidManifest.xml
09:58:49.789 [Daemon worker] INFO  o.a.AndroidAnnotationProcessor:171 - AndroidManifest.xml found: AndroidManifest [applicationPackage=com.ti.smartconfig, componentQualifiedNames=[com.ti.smartconfig.SplashScreen_, com.ti.smartconfig.MainActivity_, com.ti.smartconfig.PrivacyPolicyActivity_, com.ti.smartconfig.TermsOfUseActivity, com.ti.smartconfig.utils.TimerReceiver], permissionQualifiedNames=[android.permission.VIBRATE, android.permission.CHANGE_WIFI_MULTICAST_STATE, android.permission.CHANGE_NETWORK_STATE, android.permission.ACCESS_NETWORK_STATE, android.permission.ACCESS_WIFI_STATE, android.permission.CHANGE_WIFI_STATE, android.permission.READ_PHONE_STATE, android.permission.CAMERA, android.permission.INTERNET, android.permission.WRITE_EXTERNAL_STORAGE, android.permission.WAKE_LOCK, android.permission.READ_EXTERNAL_STORAGE, android.permission.DOWNLOAD_WITHOUT_NOTIFICATION], applicationClassName=null, libraryProject=false, debugabble=false, minSdkVersion=14, maxSdkVersion=-1, targetSdkVersion=21]
09:58:49.790 [Daemon worker] INFO  o.a.r.ProjectRClassFinder:50 - Found project R class: com.ti.smartconfig.R
09:58:49.815 [Daemon worker] INFO  o.a.r.AndroidRClassFinder:44 - Found Android class: android.R
09:58:49.834 [Daemon worker] INFO  o.a.p.ModelValidator:42 - Validating elements
09:58:49.834 [Daemon worker] DEBUG o.a.p.ModelValidator:62 - Validating with EActivityHandler: [com.ti.smartconfig.MainActivity, com.ti.smartconfig.PrivacyPolicyActivity, com.ti.smartconfig.SplashScreen]
09:58:49.837 [Daemon worker] DEBUG o.a.p.ModelValidator:62 - Validating with EFragmentHandler: [com.ti.smartconfig.CloudFragment, com.ti.smartconfig.DeviceConfiguration, com.ti.smartconfig.DevicesFragment, com.ti.smartconfig.HelpFragment, com.ti.smartconfig.HelpPage1, com.ti.smartconfig.HelpPage2, com.ti.smartconfig.HelpPage3, com.ti.smartconfig.LanFragment, com.ti.smartconfig.NewSmartConfigFragment, com.ti.smartconfig.OtaFragment, com.ti.smartconfig.SettingsFragment]
09:58:49.839 [Daemon worker] DEBUG o.a.p.ModelValidator:62 - Validating with EBeanHandler: [com.ti.smartconfig.utils.DeviceListAdapter, com.ti.smartconfig.utils.MDnsHelper, com.ti.smartconfig.utils.RecentDeviceListAdapter, com.ti.smartconfig.utils.WifiListAdapter]
09:58:49.840 [Daemon worker] DEBUG o.a.p.ModelValidator:62 - Validating with EViewGroupHandler: [com.ti.smartconfig.utils.DeviceItemView, com.ti.smartconfig.utils.DevicePickPopUpView, com.ti.smartconfig.utils.Popup, com.ti.smartconfig.utils.ScanResultsPopUpView, com.ti.smartconfig.utils.WifiItemView]
09:58:49.841 [Daemon worker] DEBUG o.a.p.ModelValidator:62 - Validating with SharedPrefHandler: [com.ti.smartconfig.utils.SharedPreferencesInterface]
09:58:49.845 [Daemon worker] DEBUG o.a.p.ModelValidator:62 - Validating with PrefHandler: [prefs, prefs, prefs, prefs, prefs, prefs, prefs, prefs, prefs, prefs, prefs, prefs, prefs, prefs]
09:58:49.847 [Daemon worker] DEBUG o.a.p.ModelValidator:62 - Validating with ViewByIdHandler: [cloud_connection_textview, freetext_edittext, send_to_edittext, push_button_radio_button, shake_board_radio_button, cloud_configuration_button, trigger_radio_group, tab_device_configuration_start_button, tab_device_configuration_device_name_editText, tab_device_configuration_device_name_layout, textViewConnectionTextView, tab_device_configuration_device_to_configure_device_pick_layout, tab_device_configuration_device_to_configure_device_pick_label, tab_device_configuration_device_to_configure_device_pick_image, tab_device_configuration_loader_layout, tab_device_configuration_loader_label, tab_device_configuration_router_layout, tab_device_configuration_router_device_pick_label, tab_device_configuration_router_device_pick_layout, tab_device_configuration_router_device_pick_image, tab_device_configuration_device_connection, tab_device_configuration_iot_uuid_layout, tab_device_configuration_iot_uuid_name_editText, tab_device_configuration_password_checkbox, tab_device_configuration_password_check_layout, tab_device_configuration_password_check_editText, devices_refresh_button, devices_refresh_spinner, devices_list_listView, devices_recent_listView, help_fragment_background_layout, mPager, toggleButton1, page1_image, page2_image, page3_image, lan_tab_ssid_textview, tab_lan_macaddress_textview, tab_lan_ipaddress_textview, tab_lan_axisx_respone, tab_lan_axisy_respone, tab_lan_axisz_respone, red_led_button, tab_lan_red_button_layout, tab_lan_cloud_textview, tabhost, real_tab_content, tabs, tab_device_configuration_sc_device_name_editText, tab_device_configuration_configuration_key_editText, tab_device_configuration_sc_device_to_configure_layout, tab_device_configuration_sc_start_button, tab_device_configuration_sc_device_name_layout, tab_device_configuration_configuration_key_layout, tab_device_configuration_iot_uuid_layout, tab_device_configuration_iot_uuid_name_editText, textViewConnectionTextView, tab_device_configuration_network_to_configure_network_pick_image, tab_device_configuration_network_to_configure_network_pick_label, tab_device_configuration_device_to_configure_device_pick_image, tab_device_configuration_device_to_configure_device_pick_label, tab_sc_loader_layout, tab_sc_loader_label, tab_device_configuration_device_connection, tab_device_sc_configuration_password_checkbox, tab_device_sc_configuration_password_check_layout, tab_device_sc_configuration_password_check_editText, tab_device_configuration_sc_layout, tab_ota_configuration_laoder_layout, tab_ota_configuration_laoder_label, check_version_button, update_version_button, software_update_progressBar, update_software_append_textview, newest_software_version_title_textview_update, tab_ota_progressbar_textview, current_sw_version_textview_update, software_status_button, upload_status_box, scroller, privacy_policy_ti_textView, privacy_policy_textView, privacy_policy_webView, privacy_policy_ti_textView_header, settings_show_name_toggle, settings_open_devices_tab_toggle, settings_iot_uuid_toggle, settings_show_password_toggle, settings_privacy_button, settings_auto_connect_toggle, settings_ap_sc_toggle, settings_build_text, settings_sc_transmit_timing_edit_text, settings_terms_button, devices_list_item_image, devices_list_item_name, pick_pop_up_list, pick_pop_up_buttons_ok_button, pick_pop_up_buttons_rescan_button, pick_pop_up_loader, scan_results_pop_up_password_layout, scan_results_pop_up_pas_editText, scan_checkbox, popup_leftButton_text, popup_rightButton_text, popup_right_button_layout, popup_text, popup_text_headline, popup_status_image, popup_buttons_layout, scan_results_pop_up_list, scan_results_pop_up_buttons_ok_button, scan_results_pop_up_buttons_rescan_button, scan_results_pop_up_loader, scan_results_pop_up_password_layout, scan_results_pop_up_pas_editText, scan_checkbox, wifi_list_item_image, wifi_list_item_name]
09:58:49.859 [Daemon worker] DEBUG o.a.p.ModelValidator:62 - Validating with ClickHandler: [push_button_radio_button(), shake_board_radio_button(), cloud_configuration_button(), tab_device_configuration_router_question_button(), tab_device_configuration_device_to_configure_question_button(), tab_device_configuration_device_name_question_button(), tab_device_configuration_start_button(), tab_device_configuration_device_to_configure_device_pick_layout(), tab_device_configuration_router_device_pick_layout(), tab_device_configuration_iot_uuid_button(), devices_refresh_button(), toggleButton1(), help_fragment_close_button(), tab_device_configuration_sc_device_name_question_button(), tab_device_configuration_configuration_key_question_button(), tab_device_configuration_sc_network_question_button(), tab_device_configuration_sc_device_question_button(), tab_device_sc_configuration_password_check_button(), tab_device_configuration_sc_start_button(), tab_device_configuration_device_to_configure_device_pick_image(), tab_device_configuration_network_to_configure_network_pick_image(), privacy_policy_textView(), settings_privacy_button(), settings_help_button(), settings_auto_connect_help(), settings_ap_sc_layout_help(), settings_show_name_layout_help(), settings_show_password_layout_help(), settings_open_devices_tab_layout_help(), settings_iot_uuid_layout_help(), settings_terms_button(), settings_logs_button(), pick_pop_up_buttons_ok_button(), pick_pop_up_buttons_rescan_button(), popup_leftButton(), popup_rightButton_text(), scan_results_pop_up_buttons_rescan_button(), scan_results_pop_up_buttons_ok_button()]
09:58:49.869 [Daemon worker] DEBUG o.a.p.ModelValidator:62 - Validating with ItemClickHandler: [devices_list_listView(com.ti.smartconfig.utils.Device), devices_recent_listView(com.ti.smartconfig.utils.Device)]
09:58:49.871 [Daemon worker] DEBUG o.a.p.ModelValidator:62 - Validating with OptionsMenuHandler: [com.ti.smartconfig.MainActivity]
09:58:49.873 [Daemon worker] DEBUG o.a.p.ModelValidator:62 - Validating with OptionsItemHandler: [settings()]
09:58:49.874 [Daemon worker] DEBUG o.a.p.ModelValidator:62 - Validating with RootContextHanlder: [context, context, context]
09:58:49.874 [Daemon worker] DEBUG o.a.p.ModelValidator:62 - Validating with BeanHandler: [deviceListAdapter, recentDeviceListAdapter, mDnsHelper]
09:58:49.875 [Daemon worker] DEBUG o.a.p.ModelValidator:62 - Validating with OnActivityResultHandler: [onFirstAttemptFailureResult(int,android.content.Intent), onSettingsResult(int,android.content.Intent), onSettingsResult(int,android.content.Intent)]
09:58:49.876 [Daemon worker] DEBUG o.a.p.ModelValidator:62 - Validating with AfterInjectHandler: [initAdapter(), initAdapter(), initAdapter()]
09:58:49.876 [Daemon worker] DEBUG o.a.p.ModelValidator:62 - Validating with AfterViewsHandler: [afterViews(), afterViews(), afterViews(), afterViews(), afterViews(), afterViews(), afterViews(), afterViews(), afterViews(), afterViews(), afterViews(), afterViews(), afterViews(), afterViews(), afterViews(), afterViews(), afterViews()]
09:58:49.877 [Daemon worker] DEBUG o.a.p.ModelValidator:62 - Validating with UiThreadHandler: [resetDeviceToConfigureView(), changeDeviceName(java.lang.String), setToReady(java.lang.Boolean), closeDialog(), connectToSSIDAndGetScanResults(java.lang.String,com.ti.smartconfig.utils.SecurityType,java.lang.String), checkParams(), finish(java.lang.Boolean), print(java.lang.String), showToastWithMessage(java.lang.String), showDeviceConfigurationDialog(), scanForDevices(), showLoaderWithText(java.lang.Boolean,java.lang.String), showProgressDialog(int,java.lang.String), updateProgressDialog(int), updateDeviceList(), updateRecentDeviceList(), showRefreshProgress(), hideRefreshProgress(), showSuccessDialog(java.lang.String,java.lang.String,java.lang.String,com.ti.smartconfig.utils.Popup.PopupType,com.ti.smartconfig.utils.Popup.PopUpCallback,java.lang.String), showTimeoutPopup(android.net.wifi.WifiConfiguration,android.net.wifi.WifiManager), show3GDialog(), showToastWithMessage(java.lang.String), testHelperMethod(), checkParams(), print(java.lang.String), reloadDeviceSpinner(), showToastWithMessage(java.lang.String), showProgressDialog(int,java.lang.String), updateProgressDialog(int), showNoWifiPopUp(), closeDialog(), setToReady(java.lang.Boolean), showLoaderWithText(java.lang.Boolean,java.lang.String), showLoaderWithText(java.lang.Boolean,java.lang.String), showToastWithMessage(java.lang.String), print(java.lang.String), checkForPasswordLayout(java.lang.String), showToastWithMessage(java.lang.String), startWifiScan(), checkForPasswordLayout(java.lang.String), scan(), showToastWithMessage(java.lang.String), print(java.lang.String), startWifiScan()]
09:58:49.878 [Daemon worker] DEBUG o.a.p.ModelValidator:62 - Validating with BackgroundHandler: [scanForDevices(), stopScanning(), lookForNewDevice(), splash(), startDiscovery(), stopDiscovery(), restartDiscovery()]
09:58:49.884 [Daemon worker] INFO  o.a.p.ModelProcessor:69 - Processing root elements
09:58:49.884 [Daemon worker] DEBUG o.a.p.ModelProcessor:160 - Processing root elements EActivityHandler: [com.ti.smartconfig.MainActivity, com.ti.smartconfig.SplashScreen, com.ti.smartconfig.PrivacyPolicyActivity]
09:58:49.907 [Daemon worker] DEBUG o.a.p.ModelProcessor:160 - Processing root elements EFragmentHandler: [com.ti.smartconfig.HelpPage2, com.ti.smartconfig.OtaFragment, com.ti.smartconfig.DevicesFragment, com.ti.smartconfig.HelpPage1, com.ti.smartconfig.CloudFragment, com.ti.smartconfig.HelpFragment, com.ti.smartconfig.DeviceConfiguration, com.ti.smartconfig.HelpPage3, com.ti.smartconfig.NewSmartConfigFragment, com.ti.smartconfig.SettingsFragment, com.ti.smartconfig.LanFragment]
09:58:49.910 [Daemon worker] DEBUG o.a.p.ModelProcessor:160 - Processing root elements EBeanHandler: [com.ti.smartconfig.utils.RecentDeviceListAdapter, com.ti.smartconfig.utils.WifiListAdapter, com.ti.smartconfig.utils.DeviceListAdapter, com.ti.smartconfig.utils.MDnsHelper]
09:58:49.912 [Daemon worker] DEBUG o.a.p.ModelProcessor:160 - Processing root elements EViewGroupHandler: [com.ti.smartconfig.utils.DevicePickPopUpView, com.ti.smartconfig.utils.Popup, com.ti.smartconfig.utils.WifiItemView, com.ti.smartconfig.utils.DeviceItemView, com.ti.smartconfig.utils.ScanResultsPopUpView]
09:58:49.916 [Daemon worker] DEBUG o.a.p.ModelProcessor:160 - Processing root elements SharedPrefHandler: [com.ti.smartconfig.utils.SharedPreferencesInterface]
09:58:49.921 [Daemon worker] INFO  o.a.p.ModelProcessor:77 - Processing enclosed elements
09:58:49.939 [Daemon worker] INFO  o.a.AndroidAnnotationProcessor:250 - Number of files generated by AndroidAnnotations: 24
09:58:49.940 [Daemon worker] INFO  o.a.g.ApiCodeGenerator:52 - Writting following API classes in project: []
09:58:49.941 [Daemon worker] DEBUG o.a.g.SourceCodewriter:55 - Generating class: com.ti.smartconfig.CloudFragment_
09:58:49.975 [Daemon worker] DEBUG o.a.g.SourceCodewriter:55 - Generating class: com.ti.smartconfig.DeviceConfiguration_
09:58:50.25 [Daemon worker] DEBUG o.a.g.SourceCodewriter:55 - Generating class: com.ti.smartconfig.DevicesFragment_
09:58:50.53 [Daemon worker] DEBUG o.a.g.SourceCodewriter:55 - Generating class: com.ti.smartconfig.HelpFragment_
09:58:50.76 [Daemon worker] DEBUG o.a.g.SourceCodewriter:55 - Generating class: com.ti.smartconfig.HelpPage1_
09:58:50.96 [Daemon worker] DEBUG o.a.g.SourceCodewriter:55 - Generating class: com.ti.smartconfig.HelpPage2_
09:58:50.115 [Daemon worker] DEBUG o.a.g.SourceCodewriter:55 - Generating class: com.ti.smartconfig.HelpPage3_
09:58:50.135 [Daemon worker] DEBUG o.a.g.SourceCodewriter:55 - Generating class: com.ti.smartconfig.LanFragment_
09:58:50.157 [Daemon worker] DEBUG o.a.g.SourceCodewriter:55 - Generating class: com.ti.smartconfig.MainActivity_
09:58:50.193 [Daemon worker] DEBUG o.a.g.SourceCodewriter:55 - Generating class: com.ti.smartconfig.NewSmartConfigFragment_
09:58:50.236 [Daemon worker] DEBUG o.a.g.SourceCodewriter:55 - Generating class: com.ti.smartconfig.OtaFragment_
09:58:50.261 [Daemon worker] DEBUG o.a.g.SourceCodewriter:55 - Generating class: com.ti.smartconfig.PrivacyPolicyActivity_
09:58:50.284 [Daemon worker] DEBUG o.a.g.SourceCodewriter:55 - Generating class: com.ti.smartconfig.SettingsFragment_
09:58:50.319 [Daemon worker] DEBUG o.a.g.SourceCodewriter:55 - Generating class: com.ti.smartconfig.SplashScreen_
09:58:50.346 [Daemon worker] DEBUG o.a.g.SourceCodewriter:55 - Generating class: com.ti.smartconfig.utils.DeviceItemView_
09:58:50.366 [Daemon worker] DEBUG o.a.g.SourceCodewriter:55 - Generating class: com.ti.smartconfig.utils.DeviceListAdapter_
09:58:50.380 [Daemon worker] DEBUG o.a.g.SourceCodewriter:55 - Generating class: com.ti.smartconfig.utils.DevicePickPopUpView_
09:58:50.405 [Daemon worker] DEBUG o.a.g.SourceCodewriter:55 - Generating class: com.ti.smartconfig.utils.MDnsHelper_
09:58:50.426 [Daemon worker] DEBUG o.a.g.SourceCodewriter:55 - Generating class: com.ti.smartconfig.utils.Popup_
09:58:50.446 [Daemon worker] DEBUG o.a.g.SourceCodewriter:55 - Generating class: com.ti.smartconfig.utils.RecentDeviceListAdapter_
09:58:50.480 [Daemon worker] DEBUG o.a.g.SourceCodewriter:55 - Generating class: com.ti.smartconfig.utils.ScanResultsPopUpView_
09:58:50.509 [Daemon worker] DEBUG o.a.g.SourceCodewriter:55 - Generating class: com.ti.smartconfig.utils.SharedPreferencesInterface_
09:58:50.535 [Daemon worker] DEBUG o.a.g.SourceCodewriter:55 - Generating class: com.ti.smartconfig.utils.WifiItemView_
09:58:50.553 [Daemon worker] DEBUG o.a.g.SourceCodewriter:55 - Generating class: com.ti.smartconfig.utils.WifiListAdapter_
09:58:50.569 [Daemon worker] INFO  o.a.p.TimeStats:81 - Time measurements: [Whole Processing = 915 ms], [Generate Sources = 630 ms], [Extract Manifest = 111 ms], [Process Annotations = 61 ms], [Validate Annotations = 44 ms], [Find R Classes = 38 ms], [Extract Annotations = 23 ms], 
09:58:50.569 [Daemon worker] INFO  o.a.AndroidAnnotationProcessor:122 - Finish processing
23:14:57.992 [Daemon worker Thread 2] INFO  o.a.AndroidAnnotationProcessor:84 - Initialize AndroidAnnotations 3.2 with options {androidManifestFile=C:\ti\android\SimpleLink_WiFi_Provisioning_Android_Source_2.2.22\source\app\build\intermediates\manifests\full\debug\AndroidManifest.xml, resourcePackageName=com.ti.smartconfig}
23:14:58.70 [Daemon worker Thread 2] INFO  o.a.AndroidAnnotationProcessor:108 - Start processing for 18 annotations on 49 elements
23:14:58.98 [Daemon worker Thread 2] DEBUG o.a.h.AndroidManifestFinder:98 - AndroidManifest.xml file found with specified path: C:\ti\android\SimpleLink_WiFi_Provisioning_Android_Source_2.2.22\source\app\build\intermediates\manifests\full\debug\AndroidManifest.xml
23:14:58.243 [Daemon worker Thread 2] INFO  o.a.AndroidAnnotationProcessor:171 - AndroidManifest.xml found: AndroidManifest [applicationPackage=com.ti.smartconfig, componentQualifiedNames=[com.ti.smartconfig.SplashScreen_, com.ti.smartconfig.MainActivity_, com.ti.smartconfig.PrivacyPolicyActivity_, com.ti.smartconfig.TermsOfUseActivity, com.ti.smartconfig.utils.TimerReceiver], permissionQualifiedNames=[android.permission.VIBRATE, android.permission.CHANGE_WIFI_MULTICAST_STATE, android.permission.CHANGE_NETWORK_STATE, android.permission.ACCESS_NETWORK_STATE, android.permission.ACCESS_WIFI_STATE, android.permission.CHANGE_WIFI_STATE, android.permission.READ_PHONE_STATE, android.permission.CAMERA, android.permission.INTERNET, android.permission.WRITE_EXTERNAL_STORAGE, android.permission.WAKE_LOCK, android.permission.READ_EXTERNAL_STORAGE, android.permission.DOWNLOAD_WITHOUT_NOTIFICATION], applicationClassName=null, libraryProject=false, debugabble=false, minSdkVersion=14, maxSdkVersion=-1, targetSdkVersion=21]
23:14:58.244 [Daemon worker Thread 2] INFO  o.a.r.ProjectRClassFinder:50 - Found project R class: com.ti.smartconfig.R
23:14:58.250 [Daemon worker Thread 2] INFO  o.a.r.AndroidRClassFinder:44 - Found Android class: android.R
23:14:58.269 [Daemon worker Thread 2] INFO  o.a.p.ModelValidator:42 - Validating elements
23:14:58.269 [Daemon worker Thread 2] DEBUG o.a.p.ModelValidator:62 - Validating with EActivityHandler: [com.ti.smartconfig.MainActivity, com.ti.smartconfig.PrivacyPolicyActivity, com.ti.smartconfig.SplashScreen]
23:14:58.271 [Daemon worker Thread 2] DEBUG o.a.p.ModelValidator:62 - Validating with EFragmentHandler: [com.ti.smartconfig.CloudFragment, com.ti.smartconfig.DeviceConfiguration, com.ti.smartconfig.DevicesFragment, com.ti.smartconfig.HelpFragment, com.ti.smartconfig.HelpPage1, com.ti.smartconfig.HelpPage2, com.ti.smartconfig.HelpPage3, com.ti.smartconfig.LanFragment, com.ti.smartconfig.NewSmartConfigFragment, com.ti.smartconfig.OtaFragment, com.ti.smartconfig.SettingsFragment]
23:14:58.274 [Daemon worker Thread 2] DEBUG o.a.p.ModelValidator:62 - Validating with EBeanHandler: [com.ti.smartconfig.utils.DeviceListAdapter, com.ti.smartconfig.utils.MDnsHelper, com.ti.smartconfig.utils.RecentDeviceListAdapter, com.ti.smartconfig.utils.WifiListAdapter]
23:14:58.275 [Daemon worker Thread 2] DEBUG o.a.p.ModelValidator:62 - Validating with EViewGroupHandler: [com.ti.smartconfig.utils.DeviceItemView, com.ti.smartconfig.utils.DevicePickPopUpView, com.ti.smartconfig.utils.Popup, com.ti.smartconfig.utils.ScanResultsPopUpView, com.ti.smartconfig.utils.WifiItemView]
23:14:58.277 [Daemon worker Thread 2] DEBUG o.a.p.ModelValidator:62 - Validating with SharedPrefHandler: [com.ti.smartconfig.utils.SharedPreferencesInterface]
23:14:58.282 [Daemon worker Thread 2] DEBUG o.a.p.ModelValidator:62 - Validating with PrefHandler: [prefs, prefs, prefs, prefs, prefs, prefs, prefs, prefs, prefs, prefs, prefs, prefs, prefs, prefs]
23:14:58.285 [Daemon worker Thread 2] DEBUG o.a.p.ModelValidator:62 - Validating with ViewByIdHandler: [cloud_connection_textview, freetext_edittext, send_to_edittext, push_button_radio_button, shake_board_radio_button, cloud_configuration_button, trigger_radio_group, tab_device_configuration_start_button, tab_device_configuration_device_name_editText, tab_device_configuration_device_name_layout, textViewConnectionTextView, tab_device_configuration_device_to_configure_device_pick_layout, tab_device_configuration_device_to_configure_device_pick_label, tab_device_configuration_device_to_configure_device_pick_image, tab_device_configuration_loader_layout, tab_device_configuration_loader_label, tab_device_configuration_router_layout, tab_device_configuration_router_device_pick_label, tab_device_configuration_router_device_pick_layout, tab_device_configuration_router_device_pick_image, tab_device_configuration_device_connection, tab_device_configuration_iot_uuid_layout, tab_device_configuration_iot_uuid_name_editText, tab_device_configuration_password_checkbox, tab_device_configuration_password_check_layout, tab_device_configuration_password_check_editText, devices_refresh_button, devices_refresh_spinner, devices_list_listView, devices_recent_listView, help_fragment_background_layout, mPager, toggleButton1, page1_image, page2_image, page3_image, lan_tab_ssid_textview, tab_lan_macaddress_textview, tab_lan_ipaddress_textview, tab_lan_axisx_respone, tab_lan_axisy_respone, tab_lan_axisz_respone, red_led_button, tab_lan_red_button_layout, tab_lan_cloud_textview, tabhost, real_tab_content, tabs, tab_device_configuration_sc_device_name_editText, tab_device_configuration_configuration_key_editText, tab_device_configuration_sc_device_to_configure_layout, tab_device_configuration_sc_start_button, tab_device_configuration_sc_device_name_layout, tab_device_configuration_configuration_key_layout, tab_device_configuration_iot_uuid_layout, tab_device_configuration_iot_uuid_name_editText, textViewConnectionTextView, tab_device_configuration_network_to_configure_network_pick_image, tab_device_configuration_network_to_configure_network_pick_label, tab_device_configuration_device_to_configure_device_pick_image, tab_device_configuration_device_to_configure_device_pick_label, tab_sc_loader_layout, tab_sc_loader_label, tab_device_configuration_device_connection, tab_device_sc_configuration_password_checkbox, tab_device_sc_configuration_password_check_layout, tab_device_sc_configuration_password_check_editText, tab_device_configuration_sc_layout, tab_ota_configuration_laoder_layout, tab_ota_configuration_laoder_label, check_version_button, update_version_button, software_update_progressBar, update_software_append_textview, newest_software_version_title_textview_update, tab_ota_progressbar_textview, current_sw_version_textview_update, software_status_button, upload_status_box, scroller, privacy_policy_ti_textView, privacy_policy_textView, privacy_policy_webView, privacy_policy_ti_textView_header, settings_show_name_toggle, settings_open_devices_tab_toggle, settings_iot_uuid_toggle, settings_show_password_toggle, settings_privacy_button, settings_auto_connect_toggle, settings_ap_sc_toggle, settings_build_text, settings_sc_transmit_timing_edit_text, settings_terms_button, devices_list_item_image, devices_list_item_name, pick_pop_up_list, pick_pop_up_buttons_ok_button, pick_pop_up_buttons_rescan_button, pick_pop_up_loader, scan_results_pop_up_password_layout, scan_results_pop_up_pas_editText, scan_checkbox, popup_leftButton_text, popup_rightButton_text, popup_right_button_layout, popup_text, popup_text_headline, popup_status_image, popup_buttons_layout, scan_results_pop_up_list, scan_results_pop_up_buttons_ok_button, scan_results_pop_up_buttons_rescan_button, scan_results_pop_up_loader, scan_results_pop_up_password_layout, scan_results_pop_up_pas_editText, scan_checkbox, wifi_list_item_image, wifi_list_item_name]
23:14:58.301 [Daemon worker Thread 2] DEBUG o.a.p.ModelValidator:62 - Validating with ClickHandler: [push_button_radio_button(), shake_board_radio_button(), cloud_configuration_button(), tab_device_configuration_router_question_button(), tab_device_configuration_device_to_configure_question_button(), tab_device_configuration_device_name_question_button(), tab_device_configuration_start_button(), tab_device_configuration_device_to_configure_device_pick_layout(), tab_device_configuration_router_device_pick_layout(), tab_device_configuration_iot_uuid_button(), devices_refresh_button(), toggleButton1(), help_fragment_close_button(), tab_device_configuration_sc_device_name_question_button(), tab_device_configuration_configuration_key_question_button(), tab_device_configuration_sc_network_question_button(), tab_device_configuration_sc_device_question_button(), tab_device_sc_configuration_password_check_button(), tab_device_configuration_sc_start_button(), tab_device_configuration_device_to_configure_device_pick_image(), tab_device_configuration_network_to_configure_network_pick_image(), privacy_policy_textView(), settings_privacy_button(), settings_help_button(), settings_auto_connect_help(), settings_ap_sc_layout_help(), settings_show_name_layout_help(), settings_show_password_layout_help(), settings_open_devices_tab_layout_help(), settings_iot_uuid_layout_help(), settings_terms_button(), settings_logs_button(), pick_pop_up_buttons_ok_button(), pick_pop_up_buttons_rescan_button(), popup_leftButton(), popup_rightButton_text(), scan_results_pop_up_buttons_rescan_button(), scan_results_pop_up_buttons_ok_button()]
23:14:58.312 [Daemon worker Thread 2] DEBUG o.a.p.ModelValidator:62 - Validating with ItemClickHandler: [devices_list_listView(com.ti.smartconfig.utils.Device), devices_recent_listView(com.ti.smartconfig.utils.Device)]
23:14:58.316 [Daemon worker Thread 2] DEBUG o.a.p.ModelValidator:62 - Validating with OptionsMenuHandler: [com.ti.smartconfig.MainActivity]
23:14:58.317 [Daemon worker Thread 2] DEBUG o.a.p.ModelValidator:62 - Validating with OptionsItemHandler: [settings()]
23:14:58.320 [Daemon worker Thread 2] DEBUG o.a.p.ModelValidator:62 - Validating with RootContextHanlder: [context, context, context]
23:14:58.320 [Daemon worker Thread 2] DEBUG o.a.p.ModelValidator:62 - Validating with BeanHandler: [deviceListAdapter, recentDeviceListAdapter, mDnsHelper]
23:14:58.322 [Daemon worker Thread 2] DEBUG o.a.p.ModelValidator:62 - Validating with OnActivityResultHandler: [onFirstAttemptFailureResult(int,android.content.Intent), onSettingsResult(int,android.content.Intent), onSettingsResult(int,android.content.Intent)]
23:14:58.324 [Daemon worker Thread 2] DEBUG o.a.p.ModelValidator:62 - Validating with AfterInjectHandler: [initAdapter(), initAdapter(), initAdapter()]
23:14:58.325 [Daemon worker Thread 2] DEBUG o.a.p.ModelValidator:62 - Validating with AfterViewsHandler: [afterViews(), afterViews(), afterViews(), afterViews(), afterViews(), afterViews(), afterViews(), afterViews(), afterViews(), afterViews(), afterViews(), afterViews(), afterViews(), afterViews(), afterViews(), afterViews(), afterViews()]
23:14:58.326 [Daemon worker Thread 2] DEBUG o.a.p.ModelValidator:62 - Validating with UiThreadHandler: [resetDeviceToConfigureView(), changeDeviceName(java.lang.String), setToReady(java.lang.Boolean), closeDialog(), connectToSSIDAndGetScanResults(java.lang.String,com.ti.smartconfig.utils.SecurityType,java.lang.String), checkParams(), finish(java.lang.Boolean), print(java.lang.String), showToastWithMessage(java.lang.String), showDeviceConfigurationDialog(), scanForDevices(), showLoaderWithText(java.lang.Boolean,java.lang.String), showProgressDialog(int,java.lang.String), updateProgressDialog(int), updateDeviceList(), updateRecentDeviceList(), showRefreshProgress(), hideRefreshProgress(), showSuccessDialog(java.lang.String,java.lang.String,java.lang.String,com.ti.smartconfig.utils.Popup.PopupType,com.ti.smartconfig.utils.Popup.PopUpCallback,java.lang.String), showTimeoutPopup(android.net.wifi.WifiConfiguration,android.net.wifi.WifiManager), show3GDialog(), showToastWithMessage(java.lang.String), testHelperMethod(), checkParams(), print(java.lang.String), reloadDeviceSpinner(), showToastWithMessage(java.lang.String), showProgressDialog(int,java.lang.String), updateProgressDialog(int), showNoWifiPopUp(), closeDialog(), setToReady(java.lang.Boolean), showLoaderWithText(java.lang.Boolean,java.lang.String), showLoaderWithText(java.lang.Boolean,java.lang.String), showToastWithMessage(java.lang.String), print(java.lang.String), checkForPasswordLayout(java.lang.String), showToastWithMessage(java.lang.String), startWifiScan(), checkForPasswordLayout(java.lang.String), scan(), showToastWithMessage(java.lang.String), print(java.lang.String), startWifiScan()]
23:14:58.328 [Daemon worker Thread 2] DEBUG o.a.p.ModelValidator:62 - Validating with BackgroundHandler: [scanForDevices(), stopScanning(), lookForNewDevice(), splash(), startDiscovery(), stopDiscovery(), restartDiscovery()]
23:14:58.337 [Daemon worker Thread 2] INFO  o.a.p.ModelProcessor:69 - Processing root elements
23:14:58.338 [Daemon worker Thread 2] DEBUG o.a.p.ModelProcessor:160 - Processing root elements EActivityHandler: [com.ti.smartconfig.MainActivity, com.ti.smartconfig.PrivacyPolicyActivity, com.ti.smartconfig.SplashScreen]
23:14:58.369 [Daemon worker Thread 2] DEBUG o.a.p.ModelProcessor:160 - Processing root elements EFragmentHandler: [com.ti.smartconfig.NewSmartConfigFragment, com.ti.smartconfig.HelpPage3, com.ti.smartconfig.SettingsFragment, com.ti.smartconfig.CloudFragment, com.ti.smartconfig.HelpFragment, com.ti.smartconfig.HelpPage1, com.ti.smartconfig.OtaFragment, com.ti.smartconfig.DeviceConfiguration, com.ti.smartconfig.DevicesFragment, com.ti.smartconfig.HelpPage2, com.ti.smartconfig.LanFragment]
23:14:58.374 [Daemon worker Thread 2] DEBUG o.a.p.ModelProcessor:160 - Processing root elements EBeanHandler: [com.ti.smartconfig.utils.DeviceListAdapter, com.ti.smartconfig.utils.RecentDeviceListAdapter, com.ti.smartconfig.utils.WifiListAdapter, com.ti.smartconfig.utils.MDnsHelper]
23:14:58.375 [Daemon worker Thread 2] DEBUG o.a.p.ModelProcessor:160 - Processing root elements EViewGroupHandler: [com.ti.smartconfig.utils.Popup, com.ti.smartconfig.utils.ScanResultsPopUpView, com.ti.smartconfig.utils.WifiItemView, com.ti.smartconfig.utils.DeviceItemView, com.ti.smartconfig.utils.DevicePickPopUpView]
23:14:58.381 [Daemon worker Thread 2] DEBUG o.a.p.ModelProcessor:160 - Processing root elements SharedPrefHandler: [com.ti.smartconfig.utils.SharedPreferencesInterface]
23:14:58.385 [Daemon worker Thread 2] INFO  o.a.p.ModelProcessor:77 - Processing enclosed elements
23:14:58.413 [Daemon worker Thread 2] INFO  o.a.AndroidAnnotationProcessor:250 - Number of files generated by AndroidAnnotations: 24
23:14:58.414 [Daemon worker Thread 2] INFO  o.a.g.ApiCodeGenerator:52 - Writting following API classes in project: []
23:14:58.415 [Daemon worker Thread 2] DEBUG o.a.g.SourceCodewriter:55 - Generating class: com.ti.smartconfig.CloudFragment_
23:14:58.448 [Daemon worker Thread 2] DEBUG o.a.g.SourceCodewriter:55 - Generating class: com.ti.smartconfig.DeviceConfiguration_
23:14:58.497 [Daemon worker Thread 2] DEBUG o.a.g.SourceCodewriter:55 - Generating class: com.ti.smartconfig.DevicesFragment_
23:14:58.533 [Daemon worker Thread 2] DEBUG o.a.g.SourceCodewriter:55 - Generating class: com.ti.smartconfig.HelpFragment_
23:14:58.557 [Daemon worker Thread 2] DEBUG o.a.g.SourceCodewriter:55 - Generating class: com.ti.smartconfig.HelpPage1_
23:14:58.576 [Daemon worker Thread 2] DEBUG o.a.g.SourceCodewriter:55 - Generating class: com.ti.smartconfig.HelpPage2_
23:14:58.622 [Daemon worker Thread 2] DEBUG o.a.g.SourceCodewriter:55 - Generating class: com.ti.smartconfig.HelpPage3_
23:14:58.641 [Daemon worker Thread 2] DEBUG o.a.g.SourceCodewriter:55 - Generating class: com.ti.smartconfig.LanFragment_
23:14:58.665 [Daemon worker Thread 2] DEBUG o.a.g.SourceCodewriter:55 - Generating class: com.ti.smartconfig.MainActivity_
23:14:58.702 [Daemon worker Thread 2] DEBUG o.a.g.SourceCodewriter:55 - Generating class: com.ti.smartconfig.NewSmartConfigFragment_
23:14:58.761 [Daemon worker Thread 2] DEBUG o.a.g.SourceCodewriter:55 - Generating class: com.ti.smartconfig.OtaFragment_
23:14:58.786 [Daemon worker Thread 2] DEBUG o.a.g.SourceCodewriter:55 - Generating class: com.ti.smartconfig.PrivacyPolicyActivity_
23:14:58.824 [Daemon worker Thread 2] DEBUG o.a.g.SourceCodewriter:55 - Generating class: com.ti.smartconfig.SettingsFragment_
23:14:58.902 [Daemon worker Thread 2] DEBUG o.a.g.SourceCodewriter:55 - Generating class: com.ti.smartconfig.SplashScreen_
23:14:58.951 [Daemon worker Thread 2] DEBUG o.a.g.SourceCodewriter:55 - Generating class: com.ti.smartconfig.utils.DeviceItemView_
23:14:58.996 [Daemon worker Thread 2] DEBUG o.a.g.SourceCodewriter:55 - Generating class: com.ti.smartconfig.utils.DeviceListAdapter_
23:14:59.27 [Daemon worker Thread 2] DEBUG o.a.g.SourceCodewriter:55 - Generating class: com.ti.smartconfig.utils.DevicePickPopUpView_
23:14:59.91 [Daemon worker Thread 2] DEBUG o.a.g.SourceCodewriter:55 - Generating class: com.ti.smartconfig.utils.MDnsHelper_
23:14:59.137 [Daemon worker Thread 2] DEBUG o.a.g.SourceCodewriter:55 - Generating class: com.ti.smartconfig.utils.Popup_
23:14:59.185 [Daemon worker Thread 2] DEBUG o.a.g.SourceCodewriter:55 - Generating class: com.ti.smartconfig.utils.RecentDeviceListAdapter_
23:14:59.213 [Daemon worker Thread 2] DEBUG o.a.g.SourceCodewriter:55 - Generating class: com.ti.smartconfig.utils.ScanResultsPopUpView_
23:14:59.308 [Daemon worker Thread 2] DEBUG o.a.g.SourceCodewriter:55 - Generating class: com.ti.smartconfig.utils.SharedPreferencesInterface_
23:14:59.363 [Daemon worker Thread 2] DEBUG o.a.g.SourceCodewriter:55 - Generating class: com.ti.smartconfig.utils.WifiItemView_
23:14:59.390 [Daemon worker Thread 2] DEBUG o.a.g.SourceCodewriter:55 - Generating class: com.ti.smartconfig.utils.WifiListAdapter_
23:14:59.410 [Daemon worker Thread 2] INFO  o.a.p.TimeStats:81 - Time measurements: [Whole Processing = 1340 ms], [Generate Sources = 1000 ms], [Extract Manifest = 147 ms], [Process Annotations = 81 ms], [Validate Annotations = 64 ms], [Extract Annotations = 26 ms], [Find R Classes = 18 ms], 
23:14:59.413 [Daemon worker Thread 2] INFO  o.a.AndroidAnnotationProcessor:122 - Finish processing
10:24:46.458 [Daemon worker] INFO  o.a.AndroidAnnotationProcessor:84 - Initialize AndroidAnnotations 3.2 with options {androidManifestFile=C:\Users\isaia\Documents\GitHub\airmed-app\apps\demo\ap_from_ti\ap_provisioning\source\app\build\intermediates\manifests\full\debug\AndroidManifest.xml, resourcePackageName=com.ti.smartconfig}
10:24:46.533 [Daemon worker] INFO  o.a.AndroidAnnotationProcessor:108 - Start processing for 18 annotations on 49 elements
10:24:46.578 [Daemon worker] DEBUG o.a.h.AndroidManifestFinder:98 - AndroidManifest.xml file found with specified path: C:\Users\isaia\Documents\GitHub\airmed-app\apps\demo\ap_from_ti\ap_provisioning\source\app\build\intermediates\manifests\full\debug\AndroidManifest.xml
10:24:46.777 [Daemon worker] INFO  o.a.AndroidAnnotationProcessor:171 - AndroidManifest.xml found: AndroidManifest [applicationPackage=com.ti.smartconfig, componentQualifiedNames=[com.ti.smartconfig.SplashScreen_, com.ti.smartconfig.MainActivity_, com.ti.smartconfig.PrivacyPolicyActivity_, com.ti.smartconfig.TermsOfUseActivity, com.ti.smartconfig.utils.TimerReceiver], permissionQualifiedNames=[android.permission.VIBRATE, android.permission.CHANGE_WIFI_MULTICAST_STATE, android.permission.CHANGE_NETWORK_STATE, android.permission.ACCESS_NETWORK_STATE, android.permission.ACCESS_WIFI_STATE, android.permission.CHANGE_WIFI_STATE, android.permission.READ_PHONE_STATE, android.permission.CAMERA, android.permission.INTERNET, android.permission.WRITE_EXTERNAL_STORAGE, android.permission.WAKE_LOCK, android.permission.READ_EXTERNAL_STORAGE, android.permission.DOWNLOAD_WITHOUT_NOTIFICATION], applicationClassName=null, libraryProject=false, debugabble=false, minSdkVersion=14, maxSdkVersion=-1, targetSdkVersion=21]
10:24:46.778 [Daemon worker] INFO  o.a.r.ProjectRClassFinder:50 - Found project R class: com.ti.smartconfig.R
10:24:46.787 [Daemon worker] INFO  o.a.r.AndroidRClassFinder:44 - Found Android class: android.R
10:24:46.816 [Daemon worker] INFO  o.a.p.ModelValidator:42 - Validating elements
10:24:46.816 [Daemon worker] DEBUG o.a.p.ModelValidator:62 - Validating with EActivityHandler: [com.ti.smartconfig.MainActivity, com.ti.smartconfig.PrivacyPolicyActivity, com.ti.smartconfig.SplashScreen]
10:24:46.820 [Daemon worker] DEBUG o.a.p.ModelValidator:62 - Validating with EFragmentHandler: [com.ti.smartconfig.CloudFragment, com.ti.smartconfig.DeviceConfiguration, com.ti.smartconfig.DevicesFragment, com.ti.smartconfig.HelpFragment, com.ti.smartconfig.HelpPage1, com.ti.smartconfig.HelpPage2, com.ti.smartconfig.HelpPage3, com.ti.smartconfig.LanFragment, com.ti.smartconfig.NewSmartConfigFragment, com.ti.smartconfig.OtaFragment, com.ti.smartconfig.SettingsFragment]
10:24:46.824 [Daemon worker] DEBUG o.a.p.ModelValidator:62 - Validating with EBeanHandler: [com.ti.smartconfig.utils.DeviceListAdapter, com.ti.smartconfig.utils.MDnsHelper, com.ti.smartconfig.utils.RecentDeviceListAdapter, com.ti.smartconfig.utils.WifiListAdapter]
10:24:46.824 [Daemon worker] DEBUG o.a.p.ModelValidator:62 - Validating with EViewGroupHandler: [com.ti.smartconfig.utils.DeviceItemView, com.ti.smartconfig.utils.DevicePickPopUpView, com.ti.smartconfig.utils.Popup, com.ti.smartconfig.utils.ScanResultsPopUpView, com.ti.smartconfig.utils.WifiItemView]
10:24:46.825 [Daemon worker] DEBUG o.a.p.ModelValidator:62 - Validating with SharedPrefHandler: [com.ti.smartconfig.utils.SharedPreferencesInterface]
10:24:46.832 [Daemon worker] DEBUG o.a.p.ModelValidator:62 - Validating with PrefHandler: [prefs, prefs, prefs, prefs, prefs, prefs, prefs, prefs, prefs, prefs, prefs, prefs, prefs, prefs]
10:24:46.835 [Daemon worker] DEBUG o.a.p.ModelValidator:62 - Validating with ViewByIdHandler: [cloud_connection_textview, freetext_edittext, send_to_edittext, push_button_radio_button, shake_board_radio_button, cloud_configuration_button, trigger_radio_group, tab_device_configuration_start_button, tab_device_configuration_device_name_editText, tab_device_configuration_device_name_layout, textViewConnectionTextView, tab_device_configuration_device_to_configure_device_pick_layout, tab_device_configuration_device_to_configure_device_pick_label, tab_device_configuration_device_to_configure_device_pick_image, tab_device_configuration_loader_layout, tab_device_configuration_loader_label, tab_device_configuration_router_layout, tab_device_configuration_router_device_pick_label, tab_device_configuration_router_device_pick_layout, tab_device_configuration_router_device_pick_image, tab_device_configuration_device_connection, tab_device_configuration_iot_uuid_layout, tab_device_configuration_iot_uuid_name_editText, tab_device_configuration_password_checkbox, tab_device_configuration_password_check_layout, tab_device_configuration_password_check_editText, devices_refresh_button, devices_refresh_spinner, devices_list_listView, devices_recent_listView, help_fragment_background_layout, mPager, toggleButton1, page1_image, page2_image, page3_image, lan_tab_ssid_textview, tab_lan_macaddress_textview, tab_lan_ipaddress_textview, tab_lan_axisx_respone, tab_lan_axisy_respone, tab_lan_axisz_respone, red_led_button, tab_lan_red_button_layout, tab_lan_cloud_textview, tabhost, real_tab_content, tabs, tab_device_configuration_sc_device_name_editText, tab_device_configuration_configuration_key_editText, tab_device_configuration_sc_device_to_configure_layout, tab_device_configuration_sc_start_button, tab_device_configuration_sc_device_name_layout, tab_device_configuration_configuration_key_layout, tab_device_configuration_iot_uuid_layout, tab_device_configuration_iot_uuid_name_editText, textViewConnectionTextView, tab_device_configuration_network_to_configure_network_pick_image, tab_device_configuration_network_to_configure_network_pick_label, tab_device_configuration_device_to_configure_device_pick_image, tab_device_configuration_device_to_configure_device_pick_label, tab_sc_loader_layout, tab_sc_loader_label, tab_device_configuration_device_connection, tab_device_sc_configuration_password_checkbox, tab_device_sc_configuration_password_check_layout, tab_device_sc_configuration_password_check_editText, tab_device_configuration_sc_layout, tab_ota_configuration_laoder_layout, tab_ota_configuration_laoder_label, check_version_button, update_version_button, software_update_progressBar, update_software_append_textview, newest_software_version_title_textview_update, tab_ota_progressbar_textview, current_sw_version_textview_update, software_status_button, upload_status_box, scroller, privacy_policy_ti_textView, privacy_policy_textView, privacy_policy_webView, privacy_policy_ti_textView_header, settings_show_name_toggle, settings_open_devices_tab_toggle, settings_iot_uuid_toggle, settings_show_password_toggle, settings_privacy_button, settings_auto_connect_toggle, settings_ap_sc_toggle, settings_build_text, settings_sc_transmit_timing_edit_text, settings_terms_button, devices_list_item_image, devices_list_item_name, pick_pop_up_list, pick_pop_up_buttons_ok_button, pick_pop_up_buttons_rescan_button, pick_pop_up_loader, scan_results_pop_up_password_layout, scan_results_pop_up_pas_editText, scan_checkbox, popup_leftButton_text, popup_rightButton_text, popup_right_button_layout, popup_text, popup_text_headline, popup_status_image, popup_buttons_layout, scan_results_pop_up_list, scan_results_pop_up_buttons_ok_button, scan_results_pop_up_buttons_rescan_button, scan_results_pop_up_loader, scan_results_pop_up_password_layout, scan_results_pop_up_pas_editText, scan_checkbox, wifi_list_item_image, wifi_list_item_name]
10:24:46.854 [Daemon worker] DEBUG o.a.p.ModelValidator:62 - Validating with ClickHandler: [push_button_radio_button(), shake_board_radio_button(), cloud_configuration_button(), tab_device_configuration_router_question_button(), tab_device_configuration_device_to_configure_question_button(), tab_device_configuration_device_name_question_button(), tab_device_configuration_start_button(), tab_device_configuration_device_to_configure_device_pick_layout(), tab_device_configuration_router_device_pick_layout(), tab_device_configuration_iot_uuid_button(), devices_refresh_button(), toggleButton1(), help_fragment_close_button(), tab_device_configuration_sc_device_name_question_button(), tab_device_configuration_configuration_key_question_button(), tab_device_configuration_sc_network_question_button(), tab_device_configuration_sc_device_question_button(), tab_device_sc_configuration_password_check_button(), tab_device_configuration_sc_start_button(), tab_device_configuration_device_to_configure_device_pick_image(), tab_device_configuration_network_to_configure_network_pick_image(), privacy_policy_textView(), settings_privacy_button(), settings_help_button(), settings_auto_connect_help(), settings_ap_sc_layout_help(), settings_show_name_layout_help(), settings_show_password_layout_help(), settings_open_devices_tab_layout_help(), settings_iot_uuid_layout_help(), settings_terms_button(), settings_logs_button(), pick_pop_up_buttons_ok_button(), pick_pop_up_buttons_rescan_button(), popup_leftButton(), popup_rightButton_text(), scan_results_pop_up_buttons_rescan_button(), scan_results_pop_up_buttons_ok_button()]
10:24:46.871 [Daemon worker] DEBUG o.a.p.ModelValidator:62 - Validating with ItemClickHandler: [devices_list_listView(com.ti.smartconfig.utils.Device), devices_recent_listView(com.ti.smartconfig.utils.Device)]
10:24:46.873 [Daemon worker] DEBUG o.a.p.ModelValidator:62 - Validating with OptionsMenuHandler: [com.ti.smartconfig.MainActivity]
10:24:46.875 [Daemon worker] DEBUG o.a.p.ModelValidator:62 - Validating with OptionsItemHandler: [settings()]
10:24:46.877 [Daemon worker] DEBUG o.a.p.ModelValidator:62 - Validating with RootContextHanlder: [context, context, context]
10:24:46.878 [Daemon worker] DEBUG o.a.p.ModelValidator:62 - Validating with BeanHandler: [deviceListAdapter, recentDeviceListAdapter, mDnsHelper]
10:24:46.879 [Daemon worker] DEBUG o.a.p.ModelValidator:62 - Validating with OnActivityResultHandler: [onFirstAttemptFailureResult(int,android.content.Intent), onSettingsResult(int,android.content.Intent), onSettingsResult(int,android.content.Intent)]
10:24:46.881 [Daemon worker] DEBUG o.a.p.ModelValidator:62 - Validating with AfterInjectHandler: [initAdapter(), initAdapter(), initAdapter()]
10:24:46.882 [Daemon worker] DEBUG o.a.p.ModelValidator:62 - Validating with AfterViewsHandler: [afterViews(), afterViews(), afterViews(), afterViews(), afterViews(), afterViews(), afterViews(), afterViews(), afterViews(), afterViews(), afterViews(), afterViews(), afterViews(), afterViews(), afterViews(), afterViews(), afterViews()]
10:24:46.883 [Daemon worker] DEBUG o.a.p.ModelValidator:62 - Validating with UiThreadHandler: [resetDeviceToConfigureView(), changeDeviceName(java.lang.String), setToReady(java.lang.Boolean), closeDialog(), connectToSSIDAndGetScanResults(java.lang.String,com.ti.smartconfig.utils.SecurityType,java.lang.String), checkParams(), finish(java.lang.Boolean), print(java.lang.String), showToastWithMessage(java.lang.String), showDeviceConfigurationDialog(), scanForDevices(), showLoaderWithText(java.lang.Boolean,java.lang.String), showProgressDialog(int,java.lang.String), updateProgressDialog(int), updateDeviceList(), updateRecentDeviceList(), showRefreshProgress(), hideRefreshProgress(), showSuccessDialog(java.lang.String,java.lang.String,java.lang.String,com.ti.smartconfig.utils.Popup.PopupType,com.ti.smartconfig.utils.Popup.PopUpCallback,java.lang.String), showTimeoutPopup(android.net.wifi.WifiConfiguration,android.net.wifi.WifiManager), show3GDialog(), showToastWithMessage(java.lang.String), testHelperMethod(), checkParams(), print(java.lang.String), reloadDeviceSpinner(), showToastWithMessage(java.lang.String), showProgressDialog(int,java.lang.String), updateProgressDialog(int), showNoWifiPopUp(), closeDialog(), setToReady(java.lang.Boolean), showLoaderWithText(java.lang.Boolean,java.lang.String), showLoaderWithText(java.lang.Boolean,java.lang.String), showToastWithMessage(java.lang.String), print(java.lang.String), checkForPasswordLayout(java.lang.String), showToastWithMessage(java.lang.String), startWifiScan(), checkForPasswordLayout(java.lang.String), scan(), showToastWithMessage(java.lang.String), print(java.lang.String), startWifiScan()]
10:24:46.884 [Daemon worker] DEBUG o.a.p.ModelValidator:62 - Validating with BackgroundHandler: [scanForDevices(), stopScanning(), lookForNewDevice(), splash(), startDiscovery(), stopDiscovery(), restartDiscovery()]
10:24:46.896 [Daemon worker] INFO  o.a.p.ModelProcessor:69 - Processing root elements
10:24:46.897 [Daemon worker] DEBUG o.a.p.ModelProcessor:160 - Processing root elements EActivityHandler: [com.ti.smartconfig.MainActivity, com.ti.smartconfig.SplashScreen, com.ti.smartconfig.PrivacyPolicyActivity]
10:24:47.139 [Daemon worker] DEBUG o.a.p.ModelProcessor:160 - Processing root elements EFragmentHandler: [com.ti.smartconfig.HelpPage2, com.ti.smartconfig.DeviceConfiguration, com.ti.smartconfig.OtaFragment, com.ti.smartconfig.SettingsFragment, com.ti.smartconfig.NewSmartConfigFragment, com.ti.smartconfig.HelpFragment, com.ti.smartconfig.HelpPage1, com.ti.smartconfig.HelpPage3, com.ti.smartconfig.CloudFragment, com.ti.smartconfig.LanFragment, com.ti.smartconfig.DevicesFragment]
10:24:47.146 [Daemon worker] DEBUG o.a.p.ModelProcessor:160 - Processing root elements EBeanHandler: [com.ti.smartconfig.utils.WifiListAdapter, com.ti.smartconfig.utils.MDnsHelper, com.ti.smartconfig.utils.DeviceListAdapter, com.ti.smartconfig.utils.RecentDeviceListAdapter]
10:24:47.148 [Daemon worker] DEBUG o.a.p.ModelProcessor:160 - Processing root elements EViewGroupHandler: [com.ti.smartconfig.utils.WifiItemView, com.ti.smartconfig.utils.DeviceItemView, com.ti.smartconfig.utils.Popup, com.ti.smartconfig.utils.ScanResultsPopUpView, com.ti.smartconfig.utils.DevicePickPopUpView]
10:24:47.157 [Daemon worker] DEBUG o.a.p.ModelProcessor:160 - Processing root elements SharedPrefHandler: [com.ti.smartconfig.utils.SharedPreferencesInterface]
10:24:47.173 [Daemon worker] INFO  o.a.p.ModelProcessor:77 - Processing enclosed elements
10:24:47.225 [Daemon worker] INFO  o.a.AndroidAnnotationProcessor:250 - Number of files generated by AndroidAnnotations: 24
10:24:47.228 [Daemon worker] INFO  o.a.g.ApiCodeGenerator:52 - Writting following API classes in project: []
10:24:47.231 [Daemon worker] DEBUG o.a.g.SourceCodewriter:55 - Generating class: com.ti.smartconfig.CloudFragment_
10:24:47.284 [Daemon worker] DEBUG o.a.g.SourceCodewriter:55 - Generating class: com.ti.smartconfig.DeviceConfiguration_
10:24:47.397 [Daemon worker] DEBUG o.a.g.SourceCodewriter:55 - Generating class: com.ti.smartconfig.DevicesFragment_
10:24:47.456 [Daemon worker] DEBUG o.a.g.SourceCodewriter:55 - Generating class: com.ti.smartconfig.HelpFragment_
10:24:47.518 [Daemon worker] DEBUG o.a.g.SourceCodewriter:55 - Generating class: com.ti.smartconfig.HelpPage1_
10:24:47.547 [Daemon worker] DEBUG o.a.g.SourceCodewriter:55 - Generating class: com.ti.smartconfig.HelpPage2_
10:24:47.587 [Daemon worker] DEBUG o.a.g.SourceCodewriter:55 - Generating class: com.ti.smartconfig.HelpPage3_
10:24:47.611 [Daemon worker] DEBUG o.a.g.SourceCodewriter:55 - Generating class: com.ti.smartconfig.LanFragment_
10:24:47.642 [Daemon worker] DEBUG o.a.g.SourceCodewriter:55 - Generating class: com.ti.smartconfig.MainActivity_
10:24:47.706 [Daemon worker] DEBUG o.a.g.SourceCodewriter:55 - Generating class: com.ti.smartconfig.NewSmartConfigFragment_
10:24:47.773 [Daemon worker] DEBUG o.a.g.SourceCodewriter:55 - Generating class: com.ti.smartconfig.OtaFragment_
10:24:47.806 [Daemon worker] DEBUG o.a.g.SourceCodewriter:55 - Generating class: com.ti.smartconfig.PrivacyPolicyActivity_
10:24:47.838 [Daemon worker] DEBUG o.a.g.SourceCodewriter:55 - Generating class: com.ti.smartconfig.SettingsFragment_
10:24:47.874 [Daemon worker] DEBUG o.a.g.SourceCodewriter:55 - Generating class: com.ti.smartconfig.SplashScreen_
10:24:47.902 [Daemon worker] DEBUG o.a.g.SourceCodewriter:55 - Generating class: com.ti.smartconfig.utils.DeviceItemView_
10:24:47.922 [Daemon worker] DEBUG o.a.g.SourceCodewriter:55 - Generating class: com.ti.smartconfig.utils.DeviceListAdapter_
10:24:47.932 [Daemon worker] DEBUG o.a.g.SourceCodewriter:55 - Generating class: com.ti.smartconfig.utils.DevicePickPopUpView_
10:24:47.955 [Daemon worker] DEBUG o.a.g.SourceCodewriter:55 - Generating class: com.ti.smartconfig.utils.MDnsHelper_
10:24:47.977 [Daemon worker] DEBUG o.a.g.SourceCodewriter:55 - Generating class: com.ti.smartconfig.utils.Popup_
10:24:47.998 [Daemon worker] DEBUG o.a.g.SourceCodewriter:55 - Generating class: com.ti.smartconfig.utils.RecentDeviceListAdapter_
10:24:48.8 [Daemon worker] DEBUG o.a.g.SourceCodewriter:55 - Generating class: com.ti.smartconfig.utils.ScanResultsPopUpView_
10:24:48.41 [Daemon worker] DEBUG o.a.g.SourceCodewriter:55 - Generating class: com.ti.smartconfig.utils.SharedPreferencesInterface_
10:24:48.71 [Daemon worker] DEBUG o.a.g.SourceCodewriter:55 - Generating class: com.ti.smartconfig.utils.WifiItemView_
10:24:48.86 [Daemon worker] DEBUG o.a.g.SourceCodewriter:55 - Generating class: com.ti.smartconfig.utils.WifiListAdapter_
10:24:48.95 [Daemon worker] INFO  o.a.p.TimeStats:81 - Time measurements: [Whole Processing = 1562 ms], [Generate Sources = 870 ms], [Process Annotations = 340 ms], [Extract Manifest = 201 ms], [Validate Annotations = 70 ms], [Extract Annotations = 42 ms], [Find R Classes = 30 ms], 
10:24:48.95 [Daemon worker] INFO  o.a.AndroidAnnotationProcessor:122 - Finish processing
